{
  "0 debug pnpm:scope": {
    "selected": 1
  },
  "1 info pnpm": {
    "err": {
      "name": "Error",
      "message": "not found: y",
      "code": "ENOENT",
      "stack": "Error: not found: y\n    at getNotFoundError (/Users/atwlee/.nvm/versions/node/v16.13.1/lib/node_modules/pnpm/dist/pnpm.cjs:21148:51)\n    at Function.whichSync [as sync] (/Users/atwlee/.nvm/versions/node/v16.13.1/lib/node_modules/pnpm/dist/pnpm.cjs:21225:13)\n    at getCommandAbsolutePathSync (/Users/atwlee/.nvm/versions/node/v16.13.1/lib/node_modules/pnpm/dist/pnpm.cjs:22903:44)\n    at default_1 (/Users/atwlee/.nvm/versions/node/v16.13.1/lib/node_modules/pnpm/dist/pnpm.cjs:22912:32)\n    at /Users/atwlee/.nvm/versions/node/v16.13.1/lib/node_modules/pnpm/dist/pnpm.cjs:184716:39"
    }
  },
  "2 error pnpm": {
    "code": "ERR_PNPM_RECURSIVE_EXEC_FIRST_FAIL",
    "prefix": "/Users/atwlee/Codes/al-mixed",
    "err": {
      "name": "pnpm",
      "message": "not found: y",
      "code": "ERR_PNPM_RECURSIVE_EXEC_FIRST_FAIL",
      "stack": "Error: not found: y\n    at getNotFoundError (/Users/atwlee/.nvm/versions/node/v16.13.1/lib/node_modules/pnpm/dist/pnpm.cjs:21148:51)\n    at Function.whichSync [as sync] (/Users/atwlee/.nvm/versions/node/v16.13.1/lib/node_modules/pnpm/dist/pnpm.cjs:21225:13)\n    at getCommandAbsolutePathSync (/Users/atwlee/.nvm/versions/node/v16.13.1/lib/node_modules/pnpm/dist/pnpm.cjs:22903:44)\n    at default_1 (/Users/atwlee/.nvm/versions/node/v16.13.1/lib/node_modules/pnpm/dist/pnpm.cjs:22912:32)\n    at /Users/atwlee/.nvm/versions/node/v16.13.1/lib/node_modules/pnpm/dist/pnpm.cjs:184716:39"
    }
  }
}